2025-12-16 19:46:56,693 - __main__ - INFO - Starting index building process...
2025-12-16 19:46:56,722 - __main__ - INFO - Loading documents from docs...
2025-12-16 19:47:20,634 - __main__ - INFO - Processed ARCHITECTURE.md: 32 chunks.
2025-12-16 19:47:20,634 - __main__ - INFO - Processed chinhtri.txt: 72 chunks.
2025-12-16 19:47:20,634 - __main__ - INFO - Processed credentials.md: 10 chunks.
2025-12-16 19:47:20,634 - __main__ - INFO - Processed dantoc.txt: 18 chunks.
2025-12-16 19:47:20,650 - __main__ - INFO - Processed dialy.txt: 36 chunks.
2025-12-16 19:47:20,653 - __main__ - INFO - Processed dialyyy.txt: 22 chunks.
2025-12-16 19:47:20,675 - __main__ - INFO - Processed hcm.txt: 17 chunks.
2025-12-16 19:47:20,693 - __main__ - INFO - Processed hienphap.txt: 155 chunks.
2025-12-16 19:47:20,696 - __main__ - INFO - Processed infinite_retry.md: 15 chunks.
2025-12-16 19:47:21,225 - __main__ - INFO - Processed quick-start-json-credentials.md: 7 chunks.
2025-12-16 19:47:21,227 - __main__ - INFO - Processed quocky.txt: 14 chunks.
2025-12-16 19:47:21,228 - __main__ - INFO - Processed tuongvidai.txt: 7 chunks.
2025-12-16 19:47:23,329 - __main__ - INFO - Processed vanhoa.txt: 80 chunks.
2025-12-16 19:47:23,329 - __main__ - INFO - Total chunks: 20893
2025-12-16 19:47:23,329 - __main__ - INFO - Generating embeddings (this may take a while)...
2025-12-16 20:23:55,289 - __main__ - ERROR - Error generating embeddings: setting an array element with a sequence. The requested array has an inhomogeneous shape after 1 dimensions. The detected shape was (20893,) + inhomogeneous part.
2025-12-16 20:23:56,001 - __main__ - INFO - FAISS index built and saved to d:\BAO PHONG\UNIVERSITY\MYSELF\GITHUB_REPO\VNPT_AI_Water_Margin\knowledge_base\faiss_index.bin
2025-12-16 20:23:56,001 - __main__ - INFO - Text chunks saved to d:\BAO PHONG\UNIVERSITY\MYSELF\GITHUB_REPO\VNPT_AI_Water_Margin\knowledge_base\text_chunks.json
2025-12-16 20:23:56,001 - __main__ - INFO - Building BM25 index...
2025-12-16 20:24:23,026 - __main__ - INFO - BM25 index built and saved to d:\BAO PHONG\UNIVERSITY\MYSELF\GITHUB_REPO\VNPT_AI_Water_Margin\knowledge_base\bm25_index.pkl
2025-12-16 20:24:23,112 - __main__ - INFO - Index building process finished.
